----------

Fri Feb 11 2022 16:10:49 GMT-0300 (Horário Padrão de Brasília)

warning: LF will be replaced by CRLF in amizade.html.
The file will have its original line endings in your working directory


----------

Fri Feb 11 2022 16:10:49 GMT-0300 (Horário Padrão de Brasília)

warning: LF will be replaced by CRLF in assets/bootstrap/css/bootstrap.min.css.
The file will have its original line endings in your working directory
warning: LF will be replaced by CRLF in assets/bootstrap/js/bootstrap.min.js.
The file will have its original line endings in your working directory
warning: LF will be replaced by CRLF in assets/css/Contact-Form-Clean.css.
The file will have its original line endings in your working directory
warning: LF will be replaced by CRLF in assets/css/blog.css.
The file will have its original line endings in your working directory
warning: LF will be replaced by CRLF in assets/css/form.css.
The file will have its original line endings in your working directory
warning: LF will be replaced by CRLF in assets/css/icons.css.
The file will have its original line endings in your working directory
warning: LF will be replaced by CRLF in assets/css/slider_layout.css.
The file will have its original line endings in your working directory
warning: LF will be replaced by CRLF in assets/css/slider_main.css.
The file will have its original line endings in your working directory
warning: LF will be replaced by CRLF in assets/css/styles.css.
The file will have its original line endings in your working directory
warning: LF will be replaced by CRLF in assets/fonts/fa-brands-400.svg.
The file will have its original line endings in your working directory
warning: LF will be replaced by CRLF in assets/fonts/fa-regular-400.svg.
The file will have its original line endings in your working directory
warning: LF will be replaced by CRLF in assets/fonts/fa-solid-900.svg.
The file will have its original line endings in your working directory
warning: LF will be replaced by CRLF in assets/fonts/font-awesome.min.css.
The file will have its original line endings in your working directory
warning: LF will be replaced by CRLF in assets/fonts/fontawesome-all.min.css.
The file will have its original line endings in your working directory
warning: LF will be replaced by CRLF in assets/fonts/fontawesome-webfont.svg.
The file will have its original line endings in your working directory


----------

Fri Feb 11 2022 16:10:50 GMT-0300 (Horário Padrão de Brasília)

warning: LF will be replaced by CRLF in assets/js/slider.js.
The file will have its original line endings in your working directory


----------

Fri Feb 11 2022 16:10:50 GMT-0300 (Horário Padrão de Brasília)

warning: LF will be replaced by CRLF in assets/js/smart-forms.min.js.
The file will have its original line endings in your working directory


----------

Fri Feb 11 2022 16:10:50 GMT-0300 (Horário Padrão de Brasília)

warning: LF will be replaced by CRLF in centro-comunitario.html.
The file will have its original line endings in your working directory


----------

Fri Feb 11 2022 16:10:50 GMT-0300 (Horário Padrão de Brasília)

warning: LF will be replaced by CRLF in contato.html.
The file will have its original line endings in your working directory


----------

Fri Feb 11 2022 16:10:50 GMT-0300 (Horário Padrão de Brasília)

warning: LF will be replaced by CRLF in index.html.
The file will have its original line endings in your working directory


----------

Fri Feb 11 2022 16:10:50 GMT-0300 (Horário Padrão de Brasília)

warning: LF will be replaced by CRLF in ingredientes.html.
The file will have its original line endings in your working directory


----------

Fri Feb 11 2022 16:10:50 GMT-0300 (Horário Padrão de Brasília)

warning: LF will be replaced by CRLF in manual.html.
The file will have its original line endings in your working directory


----------

Fri Feb 11 2022 16:10:50 GMT-0300 (Horário Padrão de Brasília)

warning: LF will be replaced by CRLF in peixes.html.
The file will have its original line endings in your working directory


----------

Fri Feb 11 2022 16:10:50 GMT-0300 (Horário Padrão de Brasília)

warning: LF will be replaced by CRLF in receitas.html.
The file will have its original line endings in your working directory


----------

Fri Feb 11 2022 16:10:50 GMT-0300 (Horário Padrão de Brasília)

warning: LF will be replaced by CRLF in sobre.html.
The file will have its original line endings in your working directory


----------

Fri Feb 11 2022 16:10:53 GMT-0300 (Horário Padrão de Brasília)

To https://github.com/pinehox/pinehox.github.io.git
   a3ef149..2e34b4d  main -> main


----------

Fri Feb 11 2022 16:19:09 GMT-0300 (Horário Padrão de Brasília)

warning: LF will be replaced by CRLF in amizade.html.
The file will have its original line endings in your working directory


----------

Fri Feb 11 2022 16:19:09 GMT-0300 (Horário Padrão de Brasília)

warning: LF will be replaced by CRLF in assets/bootstrap/css/bootstrap.min.css.
The file will have its original line endings in your working directory


----------

Fri Feb 11 2022 16:19:09 GMT-0300 (Horário Padrão de Brasília)

warning: LF will be replaced by CRLF in assets/bootstrap/js/bootstrap.min.js.
The file will have its original line endings in your working directory


----------

Fri Feb 11 2022 16:19:09 GMT-0300 (Horário Padrão de Brasília)

warning: LF will be replaced by CRLF in assets/css/Contact-Form-Clean.css.
The file will have its original line endings in your working directory


----------

Fri Feb 11 2022 16:19:09 GMT-0300 (Horário Padrão de Brasília)

warning: LF will be replaced by CRLF in assets/css/blog.css.
The file will have its original line endings in your working directory


----------

Fri Feb 11 2022 16:19:09 GMT-0300 (Horário Padrão de Brasília)

warning: LF will be replaced by CRLF in assets/css/form.css.
The file will have its original line endings in your working directory


----------

Fri Feb 11 2022 16:19:09 GMT-0300 (Horário Padrão de Brasília)

warning: LF will be replaced by CRLF in assets/css/icons.css.
The file will have its original line endings in your working directory


----------

Fri Feb 11 2022 16:19:09 GMT-0300 (Horário Padrão de Brasília)

warning: LF will be replaced by CRLF in assets/css/slider_layout.css.
The file will have its original line endings in your working directory


----------

Fri Feb 11 2022 16:19:09 GMT-0300 (Horário Padrão de Brasília)

warning: LF will be replaced by CRLF in assets/css/slider_main.css.
The file will have its original line endings in your working directory


----------

Fri Feb 11 2022 16:19:09 GMT-0300 (Horário Padrão de Brasília)

warning: LF will be replaced by CRLF in assets/css/styles.css.
The file will have its original line endings in your working directory


----------

Fri Feb 11 2022 16:19:09 GMT-0300 (Horário Padrão de Brasília)

warning: LF will be replaced by CRLF in assets/fonts/fa-brands-400.svg.
The file will have its original line endings in your working directory


----------

Fri Feb 11 2022 16:19:09 GMT-0300 (Horário Padrão de Brasília)

warning: LF will be replaced by CRLF in assets/fonts/fa-regular-400.svg.
The file will have its original line endings in your working directory


----------

Fri Feb 11 2022 16:19:09 GMT-0300 (Horário Padrão de Brasília)

warning: LF will be replaced by CRLF in assets/fonts/fa-solid-900.svg.
The file will have its original line endings in your working directory


----------

Fri Feb 11 2022 16:19:09 GMT-0300 (Horário Padrão de Brasília)

warning: LF will be replaced by CRLF in assets/fonts/font-awesome.min.css.
The file will have its original line endings in your working directory


----------

Fri Feb 11 2022 16:19:09 GMT-0300 (Horário Padrão de Brasília)

warning: LF will be replaced by CRLF in assets/fonts/fontawesome-all.min.css.
The file will have its original line endings in your working directory


----------

Fri Feb 11 2022 16:19:09 GMT-0300 (Horário Padrão de Brasília)

warning: LF will be replaced by CRLF in assets/fonts/fontawesome-webfont.svg.
The file will have its original line endings in your working directory


----------

Fri Feb 11 2022 16:19:09 GMT-0300 (Horário Padrão de Brasília)

warning: LF will be replaced by CRLF in assets/js/slider.js.
The file will have its original line endings in your working directory


----------

Fri Feb 11 2022 16:19:09 GMT-0300 (Horário Padrão de Brasília)

warning: LF will be replaced by CRLF in assets/js/smart-forms.min.js.
The file will have its original line endings in your working directory


----------

Fri Feb 11 2022 16:19:09 GMT-0300 (Horário Padrão de Brasília)

warning: LF will be replaced by CRLF in centro-comunitario.html.
The file will have its original line endings in your working directory


----------

Fri Feb 11 2022 16:19:09 GMT-0300 (Horário Padrão de Brasília)

warning: LF will be replaced by CRLF in contato.html.
The file will have its original line endings in your working directory


----------

Fri Feb 11 2022 16:19:09 GMT-0300 (Horário Padrão de Brasília)

warning: LF will be replaced by CRLF in index.html.
The file will have its original line endings in your working directory


----------

Fri Feb 11 2022 16:19:09 GMT-0300 (Horário Padrão de Brasília)

warning: LF will be replaced by CRLF in ingredientes.html.
The file will have its original line endings in your working directory


----------

Fri Feb 11 2022 16:19:09 GMT-0300 (Horário Padrão de Brasília)

warning: LF will be replaced by CRLF in manual.html.
The file will have its original line endings in your working directory


----------

Fri Feb 11 2022 16:19:09 GMT-0300 (Horário Padrão de Brasília)

warning: LF will be replaced by CRLF in peixes.html.
The file will have its original line endings in your working directory


----------

Fri Feb 11 2022 16:19:09 GMT-0300 (Horário Padrão de Brasília)

warning: LF will be replaced by CRLF in receitas.html.
The file will have its original line endings in your working directory


----------

Fri Feb 11 2022 16:19:09 GMT-0300 (Horário Padrão de Brasília)

warning: LF will be replaced by CRLF in sobre.html.
The file will have its original line endings in your working directory


----------

Fri Feb 11 2022 16:19:09 GMT-0300 (Horário Padrão de Brasília)

warning: LF will be replaced by CRLF in error.log.
The file will have its original line endings in your working directory


----------

Fri Feb 11 2022 16:19:12 GMT-0300 (Horário Padrão de Brasília)

To https://github.com/pinehox/pinehox.github.io.git
   2e34b4d..0eaef06  main -> main


----------

Fri Feb 11 2022 16:29:06 GMT-0300 (Horário Padrão de Brasília)

warning: LF will be replaced by CRLF in amizade.html.
The file will have its original line endings in your working directory


----------

Fri Feb 11 2022 16:29:11 GMT-0300 (Horário Padrão de Brasília)

warning: LF will be replaced by CRLF in assets/bootstrap/css/bootstrap.min.css.
The file will have its original line endings in your working directory
warning: LF will be replaced by CRLF in assets/bootstrap/js/bootstrap.min.js.
The file will have its original line endings in your working directory
warning: LF will be replaced by CRLF in assets/css/Contact-Form-Clean.css.
The file will have its original line endings in your working directory
warning: LF will be replaced by CRLF in assets/css/blog.css.
The file will have its original line endings in your working directory
warning: LF will be replaced by CRLF in assets/css/form.css.
The file will have its original line endings in your working directory
warning: LF will be replaced by CRLF in assets/css/icons.css.
The file will have its original line endings in your working directory
warning: LF will be replaced by CRLF in assets/css/slider_layout.css.
The file will have its original line endings in your working directory
warning: LF will be replaced by CRLF in assets/css/slider_main.css.
The file will have its original line endings in your working directory
warning: LF will be replaced by CRLF in assets/css/styles.css.
The file will have its original line endings in your working directory
warning: LF will be replaced by CRLF in assets/fonts/fa-brands-400.svg.
The file will have its original line endings in your working directory
warning: LF will be replaced by CRLF in assets/fonts/fa-regular-400.svg.
The file will have its original line endings in your working directory


----------

Fri Feb 11 2022 16:29:12 GMT-0300 (Horário Padrão de Brasília)

warning: LF will be replaced by CRLF in assets/fonts/fa-solid-900.svg.
The file will have its original line endings in your working directory


----------

Fri Feb 11 2022 16:29:13 GMT-0300 (Horário Padrão de Brasília)

warning: LF will be replaced by CRLF in assets/fonts/font-awesome.min.css.
The file will have its original line endings in your working directory


----------

Fri Feb 11 2022 16:29:13 GMT-0300 (Horário Padrão de Brasília)

warning: LF will be replaced by CRLF in assets/fonts/fontawesome-all.min.css.
The file will have its original line endings in your working directory


----------

Fri Feb 11 2022 16:29:14 GMT-0300 (Horário Padrão de Brasília)

warning: LF will be replaced by CRLF in assets/fonts/fontawesome-webfont.svg.
The file will have its original line endings in your working directory


----------

Fri Feb 11 2022 16:29:16 GMT-0300 (Horário Padrão de Brasília)

warning: LF will be replaced by CRLF in assets/js/slider.js.
The file will have its original line endings in your working directory


----------

Fri Feb 11 2022 16:29:16 GMT-0300 (Horário Padrão de Brasília)

warning: LF will be replaced by CRLF in assets/js/smart-forms.min.js.
The file will have its original line endings in your working directory


----------

Fri Feb 11 2022 16:29:16 GMT-0300 (Horário Padrão de Brasília)

warning: LF will be replaced by CRLF in centro-comunitario.html.
The file will have its original line endings in your working directory


----------

Fri Feb 11 2022 16:29:18 GMT-0300 (Horário Padrão de Brasília)

warning: LF will be replaced by CRLF in contato.html.
The file will have its original line endings in your working directory


----------

Fri Feb 11 2022 16:29:18 GMT-0300 (Horário Padrão de Brasília)

warning: LF will be replaced by CRLF in index.html.
The file will have its original line endings in your working directory


----------

Fri Feb 11 2022 16:29:19 GMT-0300 (Horário Padrão de Brasília)

warning: LF will be replaced by CRLF in ingredientes.html.
The file will have its original line endings in your working directory


----------

Fri Feb 11 2022 16:29:19 GMT-0300 (Horário Padrão de Brasília)

warning: LF will be replaced by CRLF in manual.html.
The file will have its original line endings in your working directory


----------

Fri Feb 11 2022 16:29:19 GMT-0300 (Horário Padrão de Brasília)

warning: LF will be replaced by CRLF in peixes.html.
The file will have its original line endings in your working directory


----------

Fri Feb 11 2022 16:29:19 GMT-0300 (Horário Padrão de Brasília)

warning: LF will be replaced by CRLF in receitas.html.
The file will have its original line endings in your working directory


----------

Fri Feb 11 2022 16:29:19 GMT-0300 (Horário Padrão de Brasília)

warning: LF will be replaced by CRLF in sobre.html.
The file will have its original line endings in your working directory


----------

Fri Feb 11 2022 16:29:28 GMT-0300 (Horário Padrão de Brasília)

To https://github.com/pinehox/pinehox.github.io.git
   7ccb17b..611de98  main -> main


----------

Mon Feb 14 2022 11:33:49 GMT-0300 (Horário Padrão de Brasília)

warning: LF will be replaced by CRLF in amizade.html.
The file will have its original line endings in your working directory


----------

Mon Feb 14 2022 11:33:50 GMT-0300 (Horário Padrão de Brasília)

warning: LF will be replaced by CRLF in assets/bootstrap/css/bootstrap.min.css.
The file will have its original line endings in your working directory
warning: LF will be replaced by CRLF in assets/bootstrap/js/bootstrap.min.js.
The file will have its original line endings in your working directory
warning: LF will be replaced by CRLF in assets/css/Contact-Form-Clean.css.
The file will have its original line endings in your working directory


----------

Mon Feb 14 2022 11:33:50 GMT-0300 (Horário Padrão de Brasília)

warning: LF will be replaced by CRLF in assets/css/blog.css.
The file will have its original line endings in your working directory


----------

Mon Feb 14 2022 11:33:50 GMT-0300 (Horário Padrão de Brasília)

warning: LF will be replaced by CRLF in assets/css/form.css.
The file will have its original line endings in your working directory


----------

Mon Feb 14 2022 11:33:50 GMT-0300 (Horário Padrão de Brasília)

warning: LF will be replaced by CRLF in assets/css/icons.css.
The file will have its original line endings in your working directory


----------

Mon Feb 14 2022 11:33:50 GMT-0300 (Horário Padrão de Brasília)

warning: LF will be replaced by CRLF in assets/css/slider_layout.css.
The file will have its original line endings in your working directory


----------

Mon Feb 14 2022 11:33:50 GMT-0300 (Horário Padrão de Brasília)

warning: LF will be replaced by CRLF in assets/css/slider_main.css.
The file will have its original line endings in your working directory


----------

Mon Feb 14 2022 11:33:50 GMT-0300 (Horário Padrão de Brasília)

warning: LF will be replaced by CRLF in assets/css/styles.css.
The file will have its original line endings in your working directory


----------

Mon Feb 14 2022 11:33:50 GMT-0300 (Horário Padrão de Brasília)

warning: LF will be replaced by CRLF in assets/fonts/fa-brands-400.svg.
The file will have its original line endings in your working directory


----------

Mon Feb 14 2022 11:33:50 GMT-0300 (Horário Padrão de Brasília)

warning: LF will be replaced by CRLF in assets/fonts/fa-regular-400.svg.
The file will have its original line endings in your working directory


----------

Mon Feb 14 2022 11:33:51 GMT-0300 (Horário Padrão de Brasília)

warning: LF will be replaced by CRLF in assets/fonts/fa-solid-900.svg.
The file will have its original line endings in your working directory


----------

Mon Feb 14 2022 11:33:51 GMT-0300 (Horário Padrão de Brasília)

warning: LF will be replaced by CRLF in assets/fonts/font-awesome.min.css.
The file will have its original line endings in your working directory


----------

Mon Feb 14 2022 11:33:51 GMT-0300 (Horário Padrão de Brasília)

warning: LF will be replaced by CRLF in assets/fonts/fontawesome-all.min.css.
The file will have its original line endings in your working directory


----------

Mon Feb 14 2022 11:33:51 GMT-0300 (Horário Padrão de Brasília)

warning: LF will be replaced by CRLF in assets/fonts/fontawesome-webfont.svg.
The file will have its original line endings in your working directory


----------

Mon Feb 14 2022 11:33:54 GMT-0300 (Horário Padrão de Brasília)

warning: LF will be replaced by CRLF in assets/js/slider.js.
The file will have its original line endings in your working directory


----------

Mon Feb 14 2022 11:33:54 GMT-0300 (Horário Padrão de Brasília)

warning: LF will be replaced by CRLF in assets/js/smart-forms.min.js.
The file will have its original line endings in your working directory


----------

Mon Feb 14 2022 11:33:54 GMT-0300 (Horário Padrão de Brasília)

warning: LF will be replaced by CRLF in centro-comunitario.html.
The file will have its original line endings in your working directory


----------

Mon Feb 14 2022 11:33:55 GMT-0300 (Horário Padrão de Brasília)

warning: LF will be replaced by CRLF in contato.html.
The file will have its original line endings in your working directory


----------

Mon Feb 14 2022 11:33:55 GMT-0300 (Horário Padrão de Brasília)

warning: LF will be replaced by CRLF in index.html.
The file will have its original line endings in your working directory


----------

Mon Feb 14 2022 11:33:55 GMT-0300 (Horário Padrão de Brasília)

warning: LF will be replaced by CRLF in ingredientes.html.
The file will have its original line endings in your working directory


----------

Mon Feb 14 2022 11:33:55 GMT-0300 (Horário Padrão de Brasília)

warning: LF will be replaced by CRLF in manual.html.
The file will have its original line endings in your working directory


----------

Mon Feb 14 2022 11:33:55 GMT-0300 (Horário Padrão de Brasília)

warning: LF will be replaced by CRLF in peixes.html.
The file will have its original line endings in your working directory


----------

Mon Feb 14 2022 11:33:55 GMT-0300 (Horário Padrão de Brasília)

warning: LF will be replaced by CRLF in receitas.html.
The file will have its original line endings in your working directory


----------

Mon Feb 14 2022 11:33:55 GMT-0300 (Horário Padrão de Brasília)

warning: LF will be replaced by CRLF in sobre.html.
The file will have its original line endings in your working directory


----------

Mon Feb 14 2022 11:34:18 GMT-0300 (Horário Padrão de Brasília)

To https://github.com/pinehox/pinehox.github.io.git
   c3a9284..af4bc3c  main -> main


----------

Mon Feb 14 2022 11:40:16 GMT-0300 (Horário Padrão de Brasília)

warning: LF will be replaced by CRLF in amizade.html.
The file will have its original line endings in your working directory


----------

Mon Feb 14 2022 11:40:16 GMT-0300 (Horário Padrão de Brasília)

warning: LF will be replaced by CRLF in assets/bootstrap/css/bootstrap.min.css.
The file will have its original line endings in your working directory


----------

Mon Feb 14 2022 11:40:16 GMT-0300 (Horário Padrão de Brasília)

warning: LF will be replaced by CRLF in assets/bootstrap/js/bootstrap.min.js.
The file will have its original line endings in your working directory


----------

Mon Feb 14 2022 11:40:16 GMT-0300 (Horário Padrão de Brasília)

warning: LF will be replaced by CRLF in assets/css/Contact-Form-Clean.css.
The file will have its original line endings in your working directory


----------

Mon Feb 14 2022 11:40:16 GMT-0300 (Horário Padrão de Brasília)

warning: LF will be replaced by CRLF in assets/css/blog.css.
The file will have its original line endings in your working directory


----------

Mon Feb 14 2022 11:40:16 GMT-0300 (Horário Padrão de Brasília)

warning: LF will be replaced by CRLF in assets/css/form.css.
The file will have its original line endings in your working directory


----------

Mon Feb 14 2022 11:40:16 GMT-0300 (Horário Padrão de Brasília)

warning: LF will be replaced by CRLF in assets/css/icons.css.
The file will have its original line endings in your working directory


----------

Mon Feb 14 2022 11:40:16 GMT-0300 (Horário Padrão de Brasília)

warning: LF will be replaced by CRLF in assets/css/slider_layout.css.
The file will have its original line endings in your working directory


----------

Mon Feb 14 2022 11:40:16 GMT-0300 (Horário Padrão de Brasília)

warning: LF will be replaced by CRLF in assets/css/slider_main.css.
The file will have its original line endings in your working directory


----------

Mon Feb 14 2022 11:40:16 GMT-0300 (Horário Padrão de Brasília)

warning: LF will be replaced by CRLF in assets/css/styles.css.
The file will have its original line endings in your working directory


----------

Mon Feb 14 2022 11:40:16 GMT-0300 (Horário Padrão de Brasília)

warning: LF will be replaced by CRLF in assets/fonts/fa-brands-400.svg.
The file will have its original line endings in your working directory


----------

Mon Feb 14 2022 11:40:17 GMT-0300 (Horário Padrão de Brasília)

warning: LF will be replaced by CRLF in assets/fonts/fa-regular-400.svg.
The file will have its original line endings in your working directory


----------

Mon Feb 14 2022 11:40:17 GMT-0300 (Horário Padrão de Brasília)

warning: LF will be replaced by CRLF in assets/fonts/fa-solid-900.svg.
The file will have its original line endings in your working directory


----------

Mon Feb 14 2022 11:40:17 GMT-0300 (Horário Padrão de Brasília)

warning: LF will be replaced by CRLF in assets/fonts/font-awesome.min.css.
The file will have its original line endings in your working directory


----------

Mon Feb 14 2022 11:40:17 GMT-0300 (Horário Padrão de Brasília)

warning: LF will be replaced by CRLF in assets/fonts/fontawesome-all.min.css.
The file will have its original line endings in your working directory


----------

Mon Feb 14 2022 11:40:17 GMT-0300 (Horário Padrão de Brasília)

warning: LF will be replaced by CRLF in assets/fonts/fontawesome-webfont.svg.
The file will have its original line endings in your working directory


----------

Mon Feb 14 2022 11:40:17 GMT-0300 (Horário Padrão de Brasília)

warning: LF will be replaced by CRLF in assets/js/slider.js.
The file will have its original line endings in your working directory


----------

Mon Feb 14 2022 11:40:17 GMT-0300 (Horário Padrão de Brasília)

warning: LF will be replaced by CRLF in assets/js/smart-forms.min.js.
The file will have its original line endings in your working directory


----------

Mon Feb 14 2022 11:40:17 GMT-0300 (Horário Padrão de Brasília)

warning: LF will be replaced by CRLF in centro-comunitario.html.
The file will have its original line endings in your working directory


----------

Mon Feb 14 2022 11:40:17 GMT-0300 (Horário Padrão de Brasília)

warning: LF will be replaced by CRLF in contato.html.
The file will have its original line endings in your working directory


----------

Mon Feb 14 2022 11:40:17 GMT-0300 (Horário Padrão de Brasília)

warning: LF will be replaced by CRLF in index.html.
The file will have its original line endings in your working directory


----------

Mon Feb 14 2022 11:40:17 GMT-0300 (Horário Padrão de Brasília)

warning: LF will be replaced by CRLF in ingredientes.html.
The file will have its original line endings in your working directory


----------

Mon Feb 14 2022 11:40:17 GMT-0300 (Horário Padrão de Brasília)

warning: LF will be replaced by CRLF in manual.html.
The file will have its original line endings in your working directory


----------

Mon Feb 14 2022 11:40:17 GMT-0300 (Horário Padrão de Brasília)

warning: LF will be replaced by CRLF in peixes.html.
The file will have its original line endings in your working directory


----------

Mon Feb 14 2022 11:40:17 GMT-0300 (Horário Padrão de Brasília)

warning: LF will be replaced by CRLF in receitas.html.
The file will have its original line endings in your working directory


----------

Mon Feb 14 2022 11:40:17 GMT-0300 (Horário Padrão de Brasília)

warning: LF will be replaced by CRLF in sobre.html.
The file will have its original line endings in your working directory


----------

Mon Feb 14 2022 11:40:17 GMT-0300 (Horário Padrão de Brasília)

warning: LF will be replaced by CRLF in us/about.html.
The file will have its original line endings in your working directory


----------

Mon Feb 14 2022 11:40:17 GMT-0300 (Horário Padrão de Brasília)

warning: LF will be replaced by CRLF in us/community-center.html.
The file will have its original line endings in your working directory


----------

Mon Feb 14 2022 11:40:17 GMT-0300 (Horário Padrão de Brasília)

warning: LF will be replaced by CRLF in us/contact.html.
The file will have its original line endings in your working directory


----------

Mon Feb 14 2022 11:40:18 GMT-0300 (Horário Padrão de Brasília)

warning: LF will be replaced by CRLF in us/fishes.html.
The file will have its original line endings in your working directory


----------

Mon Feb 14 2022 11:40:18 GMT-0300 (Horário Padrão de Brasília)

warning: LF will be replaced by CRLF in us/friendship.html.
The file will have its original line endings in your working directory


----------

Mon Feb 14 2022 11:40:18 GMT-0300 (Horário Padrão de Brasília)

warning: LF will be replaced by CRLF in us/index.html.
The file will have its original line endings in your working directory


----------

Mon Feb 14 2022 11:40:18 GMT-0300 (Horário Padrão de Brasília)

warning: LF will be replaced by CRLF in us/ingredients.html.
The file will have its original line endings in your working directory


----------

Mon Feb 14 2022 11:40:18 GMT-0300 (Horário Padrão de Brasília)

warning: LF will be replaced by CRLF in us/manual.html.
The file will have its original line endings in your working directory


----------

Mon Feb 14 2022 11:40:18 GMT-0300 (Horário Padrão de Brasília)

warning: LF will be replaced by CRLF in us/recipes.html.
The file will have its original line endings in your working directory


----------

Mon Feb 14 2022 11:40:27 GMT-0300 (Horário Padrão de Brasília)

To https://github.com/pinehox/pinehox.github.io.git
   b17ff49..209c8c3  main -> main


